<?xml version="1.0" encoding="UTF-8"?>
<testng-results ignored="0" total="15" passed="15" failed="0" skipped="0">
  <reporter-output>
  </reporter-output>
  <suite started-at="2023-11-07T12:34:22 GMT" name="flight-reservation" finished-at="2023-11-07T12:36:14 GMT" duration-ms="112018">
    <groups>
    </groups>
    <test started-at="2023-11-07T12:34:22 GMT" name="passengers-count-3" finished-at="2023-11-07T12:36:12 GMT" duration-ms="110242">
      <class name="com.yassine.tests.flightreservation.FlightReservationTest">
        <test-method is-config="true" signature="setupConfig()[pri:0, instance:com.yassine.tests.flightreservation.FlightReservationTest@173ed316]" started-at="2023-11-07T12:34:22 GMT" name="setupConfig" finished-at="2023-11-07T12:34:22 GMT" duration-ms="26" status="PASS">
          <reporter-output>
          </reporter-output>
        </test-method> <!-- setupConfig -->
        <test-method is-config="true" signature="setDriver(org.testng.ITestContext)[pri:0, instance:com.yassine.tests.flightreservation.FlightReservationTest@173ed316]" started-at="2023-11-07T12:34:22 GMT" name="setDriver" finished-at="2023-11-07T12:34:37 GMT" duration-ms="15549" status="PASS">
          <params>
            <param index="0">
              <value>
                <![CDATA[org.testng.TestRunner@6b09fb41]]>
              </value>
            </param>
          </params>
          <reporter-output>
          </reporter-output>
        </test-method> <!-- setDriver -->
        <test-method is-config="true" signature="setParameters(java.lang.String)[pri:0, instance:com.yassine.tests.flightreservation.FlightReservationTest@173ed316]" started-at="2023-11-07T12:34:37 GMT" name="setParameters" finished-at="2023-11-07T12:34:39 GMT" depends-on-methods="com.yassine.tests.AbstractTest.setDriver" duration-ms="1992" status="PASS">
          <params>
            <param index="0">
              <value>
                <![CDATA[test-data/flight-reservation/3passenger.json]]>
              </value>
            </param>
          </params>
          <reporter-output>
          </reporter-output>
        </test-method> <!-- setParameters -->
        <test-method signature="userRegistrationTest()[pri:0, instance:com.yassine.tests.flightreservation.FlightReservationTest@173ed316]" started-at="2023-11-07T12:34:40 GMT" name="userRegistrationTest" finished-at="2023-11-07T12:36:03 GMT" duration-ms="83539" status="PASS">
          <reporter-output>
          </reporter-output>
        </test-method> <!-- userRegistrationTest -->
        <test-method signature="registrationConfirmationTest()[pri:0, instance:com.yassine.tests.flightreservation.FlightReservationTest@173ed316]" started-at="2023-11-07T12:36:03 GMT" name="registrationConfirmationTest" finished-at="2023-11-07T12:36:06 GMT" depends-on-methods="com.yassine.tests.flightreservation.FlightReservationTest.userRegistrationTest" duration-ms="2820" status="PASS">
          <reporter-output>
          </reporter-output>
        </test-method> <!-- registrationConfirmationTest -->
        <test-method signature="flightSearchTest()[pri:0, instance:com.yassine.tests.flightreservation.FlightReservationTest@173ed316]" started-at="2023-11-07T12:36:06 GMT" name="flightSearchTest" finished-at="2023-11-07T12:36:09 GMT" depends-on-methods="com.yassine.tests.flightreservation.FlightReservationTest.registrationConfirmationTest" duration-ms="3288" status="PASS">
          <reporter-output>
          </reporter-output>
        </test-method> <!-- flightSearchTest -->
        <test-method signature="selectFlightsTest()[pri:0, instance:com.yassine.tests.flightreservation.FlightReservationTest@173ed316]" started-at="2023-11-07T12:36:09 GMT" name="selectFlightsTest" finished-at="2023-11-07T12:36:10 GMT" depends-on-methods="com.yassine.tests.flightreservation.FlightReservationTest.flightSearchTest" duration-ms="894" status="PASS">
          <reporter-output>
          </reporter-output>
        </test-method> <!-- selectFlightsTest -->
        <test-method signature="flightConfirmationTest()[pri:0, instance:com.yassine.tests.flightreservation.FlightReservationTest@173ed316]" started-at="2023-11-07T12:36:10 GMT" name="flightConfirmationTest" finished-at="2023-11-07T12:36:12 GMT" depends-on-methods="com.yassine.tests.flightreservation.FlightReservationTest.selectFlightsTest" duration-ms="1645" status="PASS">
          <reporter-output>
          </reporter-output>
        </test-method> <!-- flightConfirmationTest -->
        <test-method is-config="true" signature="quitDriver()[pri:0, instance:com.yassine.tests.flightreservation.FlightReservationTest@173ed316]" started-at="2023-11-07T12:36:12 GMT" name="quitDriver" finished-at="2023-11-07T12:36:12 GMT" duration-ms="279" status="PASS">
          <reporter-output>
          </reporter-output>
        </test-method> <!-- quitDriver -->
      </class> <!-- com.yassine.tests.flightreservation.FlightReservationTest -->
    </test> <!-- passengers-count-3 -->
    <test started-at="2023-11-07T12:34:22 GMT" name="passengers-count-2" finished-at="2023-11-07T12:36:13 GMT" duration-ms="111303">
      <class name="com.yassine.tests.flightreservation.FlightReservationTest">
        <test-method is-config="true" signature="setDriver(org.testng.ITestContext)[pri:0, instance:com.yassine.tests.flightreservation.FlightReservationTest@7674f035]" started-at="2023-11-07T12:34:22 GMT" name="setDriver" finished-at="2023-11-07T12:34:37 GMT" duration-ms="15549" status="PASS">
          <params>
            <param index="0">
              <value>
                <![CDATA[org.testng.TestRunner@16150369]]>
              </value>
            </param>
          </params>
          <reporter-output>
          </reporter-output>
        </test-method> <!-- setDriver -->
        <test-method is-config="true" signature="setParameters(java.lang.String)[pri:0, instance:com.yassine.tests.flightreservation.FlightReservationTest@7674f035]" started-at="2023-11-07T12:34:37 GMT" name="setParameters" finished-at="2023-11-07T12:34:39 GMT" depends-on-methods="com.yassine.tests.AbstractTest.setDriver" duration-ms="1996" status="PASS">
          <params>
            <param index="0">
              <value>
                <![CDATA[test-data/flight-reservation/2passenger.json]]>
              </value>
            </param>
          </params>
          <reporter-output>
          </reporter-output>
        </test-method> <!-- setParameters -->
        <test-method signature="userRegistrationTest()[pri:0, instance:com.yassine.tests.flightreservation.FlightReservationTest@7674f035]" started-at="2023-11-07T12:34:40 GMT" name="userRegistrationTest" finished-at="2023-11-07T12:36:01 GMT" duration-ms="81413" status="PASS">
          <reporter-output>
          </reporter-output>
        </test-method> <!-- userRegistrationTest -->
        <test-method signature="registrationConfirmationTest()[pri:0, instance:com.yassine.tests.flightreservation.FlightReservationTest@7674f035]" started-at="2023-11-07T12:36:01 GMT" name="registrationConfirmationTest" finished-at="2023-11-07T12:36:05 GMT" depends-on-methods="com.yassine.tests.flightreservation.FlightReservationTest.userRegistrationTest" duration-ms="3568" status="PASS">
          <reporter-output>
          </reporter-output>
        </test-method> <!-- registrationConfirmationTest -->
        <test-method signature="flightSearchTest()[pri:0, instance:com.yassine.tests.flightreservation.FlightReservationTest@7674f035]" started-at="2023-11-07T12:36:05 GMT" name="flightSearchTest" finished-at="2023-11-07T12:36:08 GMT" depends-on-methods="com.yassine.tests.flightreservation.FlightReservationTest.registrationConfirmationTest" duration-ms="3645" status="PASS">
          <reporter-output>
          </reporter-output>
        </test-method> <!-- flightSearchTest -->
        <test-method signature="selectFlightsTest()[pri:0, instance:com.yassine.tests.flightreservation.FlightReservationTest@7674f035]" started-at="2023-11-07T12:36:08 GMT" name="selectFlightsTest" finished-at="2023-11-07T12:36:11 GMT" depends-on-methods="com.yassine.tests.flightreservation.FlightReservationTest.flightSearchTest" duration-ms="2911" status="PASS">
          <reporter-output>
          </reporter-output>
        </test-method> <!-- selectFlightsTest -->
        <test-method signature="flightConfirmationTest()[pri:0, instance:com.yassine.tests.flightreservation.FlightReservationTest@7674f035]" started-at="2023-11-07T12:36:11 GMT" name="flightConfirmationTest" finished-at="2023-11-07T12:36:13 GMT" depends-on-methods="com.yassine.tests.flightreservation.FlightReservationTest.selectFlightsTest" duration-ms="1698" status="PASS">
          <reporter-output>
          </reporter-output>
        </test-method> <!-- flightConfirmationTest -->
        <test-method is-config="true" signature="quitDriver()[pri:0, instance:com.yassine.tests.flightreservation.FlightReservationTest@7674f035]" started-at="2023-11-07T12:36:13 GMT" name="quitDriver" finished-at="2023-11-07T12:36:13 GMT" duration-ms="112" status="PASS">
          <reporter-output>
          </reporter-output>
        </test-method> <!-- quitDriver -->
      </class> <!-- com.yassine.tests.flightreservation.FlightReservationTest -->
    </test> <!-- passengers-count-2 -->
    <test started-at="2023-11-07T12:34:22 GMT" name="passengers-count-1" finished-at="2023-11-07T12:36:14 GMT" duration-ms="112018">
      <class name="com.yassine.tests.flightreservation.FlightReservationTest">
        <test-method is-config="true" signature="setDriver(org.testng.ITestContext)[pri:0, instance:com.yassine.tests.flightreservation.FlightReservationTest@6fdbe764]" started-at="2023-11-07T12:34:22 GMT" name="setDriver" finished-at="2023-11-07T12:34:37 GMT" duration-ms="15560" status="PASS">
          <params>
            <param index="0">
              <value>
                <![CDATA[org.testng.TestRunner@4b520ea8]]>
              </value>
            </param>
          </params>
          <reporter-output>
          </reporter-output>
        </test-method> <!-- setDriver -->
        <test-method is-config="true" signature="setParameters(java.lang.String)[pri:0, instance:com.yassine.tests.flightreservation.FlightReservationTest@6fdbe764]" started-at="2023-11-07T12:34:37 GMT" name="setParameters" finished-at="2023-11-07T12:34:39 GMT" depends-on-methods="com.yassine.tests.AbstractTest.setDriver" duration-ms="1990" status="PASS">
          <params>
            <param index="0">
              <value>
                <![CDATA[test-data/flight-reservation/1passenger.json]]>
              </value>
            </param>
          </params>
          <reporter-output>
          </reporter-output>
        </test-method> <!-- setParameters -->
        <test-method signature="userRegistrationTest()[pri:0, instance:com.yassine.tests.flightreservation.FlightReservationTest@6fdbe764]" started-at="2023-11-07T12:34:40 GMT" name="userRegistrationTest" finished-at="2023-11-07T12:36:01 GMT" duration-ms="81423" status="PASS">
          <reporter-output>
          </reporter-output>
        </test-method> <!-- userRegistrationTest -->
        <test-method signature="registrationConfirmationTest()[pri:0, instance:com.yassine.tests.flightreservation.FlightReservationTest@6fdbe764]" started-at="2023-11-07T12:36:01 GMT" name="registrationConfirmationTest" finished-at="2023-11-07T12:36:05 GMT" depends-on-methods="com.yassine.tests.flightreservation.FlightReservationTest.userRegistrationTest" duration-ms="3570" status="PASS">
          <reporter-output>
          </reporter-output>
        </test-method> <!-- registrationConfirmationTest -->
        <test-method signature="flightSearchTest()[pri:0, instance:com.yassine.tests.flightreservation.FlightReservationTest@6fdbe764]" started-at="2023-11-07T12:36:05 GMT" name="flightSearchTest" finished-at="2023-11-07T12:36:09 GMT" depends-on-methods="com.yassine.tests.flightreservation.FlightReservationTest.registrationConfirmationTest" duration-ms="3827" status="PASS">
          <reporter-output>
          </reporter-output>
        </test-method> <!-- flightSearchTest -->
        <test-method signature="selectFlightsTest()[pri:0, instance:com.yassine.tests.flightreservation.FlightReservationTest@6fdbe764]" started-at="2023-11-07T12:36:09 GMT" name="selectFlightsTest" finished-at="2023-11-07T12:36:11 GMT" depends-on-methods="com.yassine.tests.flightreservation.FlightReservationTest.flightSearchTest" duration-ms="2827" status="PASS">
          <reporter-output>
          </reporter-output>
        </test-method> <!-- selectFlightsTest -->
        <test-method signature="flightConfirmationTest()[pri:0, instance:com.yassine.tests.flightreservation.FlightReservationTest@6fdbe764]" started-at="2023-11-07T12:36:11 GMT" name="flightConfirmationTest" finished-at="2023-11-07T12:36:14 GMT" depends-on-methods="com.yassine.tests.flightreservation.FlightReservationTest.selectFlightsTest" duration-ms="2303" status="PASS">
          <reporter-output>
          </reporter-output>
        </test-method> <!-- flightConfirmationTest -->
        <test-method is-config="true" signature="quitDriver()[pri:0, instance:com.yassine.tests.flightreservation.FlightReservationTest@6fdbe764]" started-at="2023-11-07T12:36:14 GMT" name="quitDriver" finished-at="2023-11-07T12:36:14 GMT" duration-ms="122" status="PASS">
          <reporter-output>
          </reporter-output>
        </test-method> <!-- quitDriver -->
      </class> <!-- com.yassine.tests.flightreservation.FlightReservationTest -->
    </test> <!-- passengers-count-1 -->
  </suite> <!-- flight-reservation -->
</testng-results>
